# JRE version: OpenJDK Runtime Environment (11.0.11+9) (build 11.0.11+9-b60-7590822)
# Java VM: OpenJDK 64-Bit Server VM (11.0.11+9-b60-7590822, mixed mode, tiered, compressed oops, g1 gc, windows-amd64)
Heap:
 garbage-first heap   total 157696K, used 30349K [0x0000000080000000, 0x0000000100000000)
  region size 1024K, 3 young (3072K), 3 survivors (3072K)
 Metaspace       used 46238K, capacity 47247K, committed 47312K, reserved 1097728K
  class space    used 5940K, capacity 6364K, committed 6400K, reserved 1048576K
GC Heap History (20 events):
Event: 6.604 GC heap before
{Heap before GC invocations=2 (full 0):
 garbage-first heap   total 131072K, used 24122K [0x0000000080000000, 0x0000000100000000)
  region size 1024K, 17 young (17408K), 1 survivors (1024K)
 Metaspace       used 11171K, capacity 11456K, committed 11520K, reserved 1058816K
  class space    used 1174K, capacity 1244K, committed 1280K, reserved 1048576K
}
Event: 6.612 GC heap after
{Heap after GC invocations=3 (full 0):
 garbage-first heap   total 131072K, used 9752K [0x0000000080000000, 0x0000000100000000)
  region size 1024K, 2 young (2048K), 2 survivors (2048K)
 Metaspace       used 11171K, capacity 11456K, committed 11520K, reserved 1058816K
  class space    used 1174K, capacity 1244K, committed 1280K, reserved 1048576K
}
Event: 9.382 GC heap before
{Heap before GC invocations=3 (full 0):
 garbage-first heap   total 131072K, used 35352K [0x0000000080000000, 0x0000000100000000)
  region size 1024K, 27 young (27648K), 2 survivors (2048K)
 Metaspace       used 11332K, capacity 11584K, committed 11776K, reserved 1060864K
  class space    used 1177K, capacity 1244K, committed 1280K, reserved 1048576K
}
Event: 9.392 GC heap after
{Heap after GC invocations=4 (full 0):
 garbage-first heap   total 131072K, used 13426K [0x0000000080000000, 0x0000000100000000)
  region size 1024K, 4 young (4096K), 4 survivors (4096K)
 Metaspace       used 11332K, capacity 11584K, committed 11776K, reserved 1060864K
  class space    used 1177K, capacity 1244K, committed 1280K, reserved 1048576K
}
Event: 14.018 GC heap before
{Heap before GC invocations=4 (full 0):
 garbage-first heap   total 131072K, used 52338K [0x0000000080000000, 0x0000000100000000)
  region size 1024K, 42 young (43008K), 4 survivors (4096K)
 Metaspace       used 18130K, capacity 18521K, committed 18688K, reserved 1064960K
  class space    used 2156K, capacity 2285K, committed 2304K, reserved 1048576K
}
Event: 14.038 GC heap after
{Heap after GC invocations=5 (full 0):
 garbage-first heap   total 131072K, used 16846K [0x0000000080000000, 0x0000000100000000)
  region size 1024K, 6 young (6144K), 6 survivors (6144K)
 Metaspace       used 18130K, capacity 18521K, committed 18688K, reserved 1064960K
  class space    used 2156K, capacity 2285K, committed 2304K, reserved 1048576K
}
Event: 15.133 GC heap before
{Heap before GC invocations=5 (full 0):
 garbage-first heap   total 131072K, used 37326K [0x0000000080000000, 0x0000000100000000)
  region size 1024K, 27 young (27648K), 6 survivors (6144K)
 Metaspace       used 20718K, capacity 21180K, committed 21296K, reserved 1069056K
  class space    used 2533K, capacity 2660K, committed 2688K, reserved 1048576K
}
Event: 15.147 GC heap after
{Heap after GC invocations=6 (full 0):
 garbage-first heap   total 131072K, used 17878K [0x0000000080000000, 0x0000000100000000)
  region size 1024K, 4 young (4096K), 4 survivors (4096K)
 Metaspace       used 20718K, capacity 21180K, committed 21296K, reserved 1069056K
  class space    used 2533K, capacity 2660K, committed 2688K, reserved 1048576K
}
Event: 17.599 GC heap before
{Heap before GC invocations=7 (full 0):
 garbage-first heap   total 131072K, used 63958K [0x0000000080000000, 0x0000000100000000)
  region size 1024K, 49 young (50176K), 4 survivors (4096K)
 Metaspace       used 25614K, capacity 26272K, committed 26368K, reserved 1073152K
  class space    used 3325K, capacity 3533K, committed 3584K, reserved 1048576K
}
Event: 17.616 GC heap after
{Heap after GC invocations=8 (full 0):
 garbage-first heap   total 131072K, used 19634K [0x0000000080000000, 0x0000000100000000)
  region size 1024K, 6 young (6144K), 6 survivors (6144K)
 Metaspace       used 25614K, capacity 26272K, committed 26368K, reserved 1073152K
  class space    used 3325K, capacity 3533K, committed 3584K, reserved 1048576K
}
Event: 20.399 GC heap before
{Heap before GC invocations=8 (full 0):
 garbage-first heap   total 131072K, used 73906K [0x0000000080000000, 0x0000000100000000)
  region size 1024K, 59 young (60416K), 6 survivors (6144K)
 Metaspace       used 31685K, capacity 32424K, committed 32768K, reserved 1077248K
  class space    used 4221K, capacity 4504K, committed 4608K, reserved 1048576K
}
Event: 20.436 GC heap after
{Heap after GC invocations=9 (full 0):
 garbage-first heap   total 131072K, used 22422K [0x0000000080000000, 0x0000000100000000)
  region size 1024K, 6 young (6144K), 6 survivors (6144K)
 Metaspace       used 31685K, capacity 32424K, committed 32768K, reserved 1077248K
  class space    used 4221K, capacity 4504K, committed 4608K, reserved 1048576K
}
Event: 21.360 GC heap before
{Heap before GC invocations=9 (full 0):
 garbage-first heap   total 131072K, used 30614K [0x0000000080000000, 0x0000000100000000)
  region size 1024K, 15 young (15360K), 6 survivors (6144K)
 Metaspace       used 35143K, capacity 35922K, committed 36048K, reserved 1081344K
  class space    used 4558K, capacity 4863K, committed 4864K, reserved 1048576K
}
Event: 21.385 GC heap after
{Heap after GC invocations=10 (full 0):
 garbage-first heap   total 131072K, used 23775K [0x0000000080000000, 0x0000000100000000)
  region size 1024K, 6 young (6144K), 6 survivors (6144K)
 Metaspace       used 35143K, capacity 35922K, committed 36048K, reserved 1081344K
  class space    used 4558K, capacity 4863K, committed 4864K, reserved 1048576K
}
Event: 23.411 GC heap before
{Heap before GC invocations=11 (full 0):
 garbage-first heap   total 131072K, used 90335K [0x0000000080000000, 0x0000000100000000)
  region size 1024K, 69 young (70656K), 6 survivors (6144K)
 Metaspace       used 39930K, capacity 40853K, committed 41040K, reserved 1085440K
  class space    used 5093K, capacity 5435K, committed 5504K, reserved 1048576K
}
Event: 23.450 GC heap after
{Heap after GC invocations=12 (full 0):
 garbage-first heap   total 131072K, used 28879K [0x0000000080000000, 0x0000000100000000)
  region size 1024K, 9 young (9216K), 9 survivors (9216K)
 Metaspace       used 39930K, capacity 40853K, committed 41040K, reserved 1085440K
  class space    used 5093K, capacity 5435K, committed 5504K, reserved 1048576K
}
Event: 25.424 GC heap before
{Heap before GC invocations=12 (full 0):
 garbage-first heap   total 131072K, used 93391K [0x0000000080000000, 0x0000000100000000)
  region size 1024K, 71 young (72704K), 9 survivors (9216K)
 Metaspace       used 45776K, capacity 46803K, committed 47056K, reserved 1089536K
  class space    used 5867K, capacity 6279K, committed 6400K, reserved 1048576K
}
Event: 25.571 GC heap after
{Heap after GC invocations=13 (full 0):
 garbage-first heap   total 157696K, used 31040K [0x0000000080000000, 0x0000000100000000)
  region size 1024K, 3 young (3072K), 3 survivors (3072K)
 Metaspace       used 45776K, capacity 46803K, committed 47056K, reserved 1089536K
  class space    used 5867K, capacity 6279K, committed 6400K, reserved 1048576K
}
Event: 25.766 GC heap before
{Heap before GC invocations=13 (full 0):
 garbage-first heap   total 157696K, used 38208K [0x0000000080000000, 0x0000000100000000)
  region size 1024K, 11 young (11264K), 3 survivors (3072K)
 Metaspace       used 46238K, capacity 47247K, committed 47312K, reserved 1095680K
  class space    used 5940K, capacity 6364K, committed 6400K, reserved 1048576K
}
Event: 25.779 GC heap after
{Heap after GC invocations=14 (full 0):
 garbage-first heap   total 157696K, used 30349K [0x0000000080000000, 0x0000000100000000)
  region size 1024K, 3 young (3072K), 3 survivors (3072K)
 Metaspace       used 46238K, capacity 47247K, committed 47312K, reserved 1095680K
  class space    used 5940K, capacity 6364K, committed 6400K, reserved 1048576K
}

